<?xml version="1.0" encoding="UTF-8"?>
<testng-results skipped="0" failed="0" ignored="0" total="1" passed="1">
  <reporter-output>
  </reporter-output>
  <suite name="Surefire suite" duration-ms="43413" started-at="2021-06-15T15:36:40 CDT" finished-at="2021-06-15T15:37:24 CDT">
    <groups>
    </groups>
    <test name="Surefire test" duration-ms="43413" started-at="2021-06-15T15:36:40 CDT" finished-at="2021-06-15T15:37:24 CDT">
      <class name="com.iaai.tests.LoginPageTest">
        <test-method status="PASS" signature="testLogin() throws java.lang.InterruptedException" name="testLogin" duration-ms="37244" started-at="2021-06-15T15:36:42 CDT" finished-at="2021-06-15T15:37:19 CDT">
          <reporter-output>
          </reporter-output>
        </test-method> <!-- testLogin -->
      </class> <!-- com.iaai.tests.LoginPageTest -->
    </test> <!-- Surefire test -->
  </suite> <!-- Surefire suite -->
</testng-results>
